[Licensing::Module] Trying to connect to existing licensing client channel...
Built from '6000.2/respin/6000.2.6f2-cc51a95c03' branch; Version is '6000.2.6f2 (4a4dcaec6541) revision 4869578'; Using compiler version '194234433'; Build Type 'Release'
[Licensing::IpcConnector] Successfully connected to: "LicenseClient-hungpham" at "2025-10-15T03:40:31.7696085Z"
OS: 'Windows 11  (10.0.26100) 64bit Professional' Language: 'en' Physical Memory: 24277 MB
BatchMode: 1, IsHumanControllingUs: 0, StartBugReporterOnCrash: 0, Is64bit: 1
Date: 2025-10-15T03:40:31Z

COMMAND LINE ARGUMENTS:
C:\Program Files\Unity\Hub\Editor\6000.2.6f2\Editor\Unity.exe
-adb2
-batchMode
-noUpm
-name
AssetImportWorker1
-projectPath
C:/Users/hungpham/Downloads/Artifact-Defenders-main
-logFile
Logs/AssetImportWorker1.log
-srvPort
63384
-licensingIpc
LicenseClient-hungpham
-job-worker-count
7
-background-job-worker-count
8
-gc-helper-count
1
-name
AssetImport
Successfully changed project path to: C:/Users/hungpham/Downloads/Artifact-Defenders-main
C:/Users/hungpham/Downloads/Artifact-Defenders-main
[UnityMemory] Configuration Parameters - Can be set up in boot.config
    "memorysetup-allocator-temp-initial-block-size-main=262144"
    "memorysetup-allocator-temp-initial-block-size-worker=262144"
    "memorysetup-bucket-allocator-granularity=16"
    "memorysetup-bucket-allocator-bucket-count=8"
    "memorysetup-bucket-allocator-block-size=33554432"
    "memorysetup-bucket-allocator-block-count=8"
    "memorysetup-main-allocator-block-size=16777216"
    "memorysetup-thread-allocator-block-size=16777216"
    "memorysetup-gfx-main-allocator-block-size=16777216"
    "memorysetup-gfx-thread-allocator-block-size=16777216"
    "memorysetup-cache-allocator-block-size=4194304"
    "memorysetup-typetree-allocator-block-size=2097152"
    "memorysetup-profiler-bucket-allocator-granularity=16"
    "memorysetup-profiler-bucket-allocator-bucket-count=8"
    "memorysetup-profiler-bucket-allocator-block-size=33554432"
    "memorysetup-profiler-bucket-allocator-block-count=8"
    "memorysetup-profiler-allocator-block-size=16777216"
    "memorysetup-profiler-editor-allocator-block-size=1048576"
    "memorysetup-temp-allocator-size-main=16777216"
    "memorysetup-job-temp-allocator-block-size=2097152"
    "memorysetup-job-temp-allocator-block-size-background=1048576"
    "memorysetup-job-temp-allocator-reduction-small-platforms=262144"
    "memorysetup-temp-allocator-size-background-worker=32768"
    "memorysetup-temp-allocator-size-job-worker=262144"
    "memorysetup-temp-allocator-size-preload-manager=33554432"
    "memorysetup-temp-allocator-size-nav-mesh-worker=65536"
    "memorysetup-temp-allocator-size-audio-worker=65536"
    "memorysetup-temp-allocator-size-cloud-worker=32768"
    "memorysetup-temp-allocator-size-gi-baking-worker=262144"
    "memorysetup-temp-allocator-size-gi-baking-worker=262144"
    "memorysetup-temp-allocator-size-gi-baking-worker=262144"
    "memorysetup-temp-allocator-size-gi-baking-worker=262144"
    "memorysetup-temp-allocator-size-gi-baking-worker=262144"
    "memorysetup-temp-allocator-size-gfx=262144"
Player connection [2704]  Target information:

Player connection [2704]  * "[IP] 192.168.1.16 [Port] 0 [Flags] 2 [Guid] 12809355 [EditorId] 12809355 [Version] 1048832 [Id] WindowsEditor(7,hung) [Debug] 1 [PackageName] WindowsEditor [ProjectName] Editor" 

Player connection [2704] Host joined multi-casting on [225.0.0.222:54997]...
Player connection [2704] Host joined alternative multi-casting on [225.0.0.222:34997]...
JobSystem: Creating JobQueue using job-worker-count value 7
Input System module state changed to: Initialized.
[Physics::Module] Initialized fallback backend.
[Physics::Module] Id: 0xdecafbad
[Licensing::Client] Code 10 while verifying Licensing Client signature (process Id: 9772, path: "C:/Program Files/Unity Hub/UnityLicensingClient_V1/Unity.Licensing.Client.exe")
[Licensing::Module] LicensingClient has failed validation; ignoring
[Licensing::Client] Handshaking with LicensingClient:
  Version:                 1.17.3+a4e98f1
  Session Id:              e54629d83c664150b54517234dd8000e
  Correlation Id:          76b1f4310dc13346d19e976bce27fbf8
  External correlation Id: 7236637994228816933
  Machine Id:              UvRvG4lLzwCDtisHIJJsQI9uQWs=
[Licensing::Module] Successfully connected to LicensingClient on channel: "LicenseClient-hungpham" (connect: 0.00s, validation: 0.00s, handshake: 0.04s)
[Licensing::IpcConnector] Successfully connected to: "LicenseClient-hungpham-notifications" at "2025-10-15T03:40:31.8156047Z"
[Licensing::Module] Licensing Background thread has ended after 0.05s
Library Redirect Path: Library/
[Physics::Module] Selected backend.
[Physics::Module] Name: PhysX
[Physics::Module] Id: 0xf2b8ea05
[Physics::Module] SDK Version: 4.1.2
[Physics::Module] Integration Version: 1.0.0
[Physics::Module] Threading Mode: Multi-Threaded
Refreshing native plugins compatible for Editor in 2.91 ms, found 3 plugins.
Preloading 0 native plugins for Editor in 0.00 ms.
Initialize engine version: 6000.2.6f2 (4a4dcaec6541)
[Subsystems] Discovering subsystems at path C:/Program Files/Unity/Hub/Editor/6000.2.6f2/Editor/Data/Resources/UnitySubsystems
[Subsystems] Discovering subsystems at path C:/Users/hungpham/Downloads/Artifact-Defenders-main/Assets
GfxDevice: creating device client; kGfxThreadingModeNonThreaded
Direct3D:
    Version:  Direct3D 11.0 [level 11.1]
    Renderer: NVIDIA GeForce GTX 1650 with Max-Q Design (ID=0x1f9d)
    Vendor:   NVIDIA
    VRAM:     3965 MB
    Driver:   30.0.15.1165
Initialize mono
Mono path[0] = 'C:/Program Files/Unity/Hub/Editor/6000.2.6f2/Editor/Data/Managed'
Mono path[1] = 'C:/Program Files/Unity/Hub/Editor/6000.2.6f2/Editor/Data/MonoBleedingEdge/lib/mono/unityjit-win32'
Mono config path = 'C:/Program Files/Unity/Hub/Editor/6000.2.6f2/Editor/Data/MonoBleedingEdge/etc'
Using monoOptions --debugger-agent=transport=dt_socket,embedding=1,server=y,suspend=n,address=127.0.0.1:56816
Begin MonoManager ReloadAssembly
Registering precompiled unity dll's ...
Register platform support module: C:/Program Files/Unity/Hub/Editor/6000.2.6f2/Editor/Data/PlaybackEngines/WebGLSupport/UnityEditor.WebGL.Extensions.dll
Register platform support module: C:/Program Files/Unity/Hub/Editor/6000.2.6f2/Editor/Data/PlaybackEngines/WindowsStandaloneSupport/UnityEditor.WindowsStandalone.Extensions.dll
[Licensing::Client] Successfully resolved entitlement details
[Licensing::Module] License group:
  Id: F4-KFHQ-9642-V2YQ-H5KH-XXXX
  Product: Unity Personal
  Type: ULF
  Expiration: 2025-11-21T04:29:23Z
[Licensing::Module] License group:
  Id: 18968337630885-UnityPersXXXX
  Product: Unity Personal
  Type: Assigned
  Expiration: Unlimited
Register platform support module: C:/Program Files/Unity/Hub/Editor/6000.2.6f2/Editor/Data/PlaybackEngines/MetroSupport/UnityEditor.UWP.Extensions.dll
[Licensing::Client] Successfully resolved entitlement details
[Licensing::Module] License group:
  Id: F4-KFHQ-9642-V2YQ-H5KH-XXXX
  Product: Unity Personal
  Type: ULF
  Expiration: 2025-11-21T04:29:23Z
[Licensing::Module] License group:
  Id: 18968337630885-UnityPersXXXX
  Product: Unity Personal
  Type: Assigned
  Expiration: Unlimited
Register platform support module: C:/Program Files/Unity/Hub/Editor/6000.2.6f2/Editor/Data/PlaybackEngines/AndroidPlayer/UnityEditor.Android.Extensions.dll
Registered in 0.006094 seconds.
- Loaded All Assemblies, in  0.428 seconds
Native extension for Android target not found
Android Extension - Scanning For ADB Devices 231 ms
Native extension for UWP target not found
Native extension for WindowsStandalone target not found
Native extension for WebGL target not found
Mono: successfully reloaded assembly
- Finished resetting the current domain, in  0.653 seconds
Domain Reload Profiling: 1080ms
	BeginReloadAssembly (127ms)
		ExecutionOrderSort (0ms)
		DisableScriptedObjects (0ms)
		BackupInstance (0ms)
		ReleaseScriptingObjects (0ms)
		CreateAndSetChildDomain (1ms)
	RebuildCommonClasses (43ms)
	RebuildNativeTypeToScriptingClass (13ms)
	initialDomainReloadingComplete (54ms)
	LoadAllAssembliesAndSetupDomain (189ms)
		LoadAssemblies (126ms)
		RebuildTransferFunctionScriptingTraits (0ms)
		AnalyzeDomain (185ms)
			TypeCache.Refresh (183ms)
				TypeCache.ScanAssembly (169ms)
			BuildScriptInfoCaches (0ms)
			ResolveRequiredComponents (0ms)
	FinalizeReload (654ms)
		ReleaseScriptCaches (0ms)
		RebuildScriptCaches (0ms)
		SetupLoadedEditorAssemblies (613ms)
			LogAssemblyErrors (0ms)
			InitializePlatformSupportModulesInManaged (367ms)
			SetLoadedEditorAssemblies (3ms)
			BeforeProcessingInitializeOnLoad (64ms)
			ProcessInitializeOnLoadAttributes (118ms)
			ProcessInitializeOnLoadMethodAttributes (60ms)
			AfterProcessingInitializeOnLoad (0ms)
			EditorAssembliesLoaded (0ms)
		ExecutionOrderSort2 (0ms)
		AwakeInstancesAfterBackupRestoration (0ms)
========================================================================
Worker process is ready to serve import requests
Import Worker Mode flag is 0x00
Begin MonoManager ReloadAssembly
[Licensing::Client] Successfully resolved entitlement details
[Licensing::Module] License group:
  Id: F4-KFHQ-9642-V2YQ-H5KH-XXXX
  Product: Unity Personal
  Type: ULF
  Expiration: 2025-11-21T04:29:23Z
[Licensing::Module] License group:
  Id: 18968337630885-UnityPersXXXX
  Product: Unity Personal
  Type: Assigned
  Expiration: Unlimited
- Loaded All Assemblies, in  0.632 seconds
Refreshing native plugins compatible for Editor in 1.12 ms, found 3 plugins.
Native extension for Android target not found
Native extension for UWP target not found
Native extension for WindowsStandalone target not found
Native extension for WebGL target not found
Package Manager log level set to [2]
[Package Manager] Failed to launch server process. Reason: Unity was launched with the -noUpm command-line argument
[Package Manager] Unable to send message (not connected to server process).
[Package Manager] Cannot connect to Unity Package Manager local server
Mono: successfully reloaded assembly
- Finished resetting the current domain, in  0.554 seconds
Domain Reload Profiling: 1182ms
	BeginReloadAssembly (186ms)
		ExecutionOrderSort (0ms)
		DisableScriptedObjects (7ms)
		BackupInstance (0ms)
		ReleaseScriptingObjects (0ms)
		CreateAndSetChildDomain (33ms)
	RebuildCommonClasses (42ms)
	RebuildNativeTypeToScriptingClass (13ms)
	initialDomainReloadingComplete (41ms)
	LoadAllAssembliesAndSetupDomain (345ms)
		LoadAssemblies (287ms)
		RebuildTransferFunctionScriptingTraits (0ms)
		AnalyzeDomain (157ms)
			TypeCache.Refresh (126ms)
				TypeCache.ScanAssembly (110ms)
			BuildScriptInfoCaches (25ms)
			ResolveRequiredComponents (3ms)
	FinalizeReload (554ms)
		ReleaseScriptCaches (0ms)
		RebuildScriptCaches (0ms)
		SetupLoadedEditorAssemblies (453ms)
			LogAssemblyErrors (0ms)
			InitializePlatformSupportModulesInManaged (22ms)
			SetLoadedEditorAssemblies (3ms)
			BeforeProcessingInitializeOnLoad (100ms)
			ProcessInitializeOnLoadAttributes (278ms)
			ProcessInitializeOnLoadMethodAttributes (45ms)
			AfterProcessingInitializeOnLoad (5ms)
			EditorAssembliesLoaded (0ms)
		ExecutionOrderSort2 (0ms)
		AwakeInstancesAfterBackupRestoration (7ms)
Launched and connected shader compiler UnityShaderCompiler.exe after 0.01 seconds
Refreshing native plugins compatible for Editor in 1.32 ms, found 3 plugins.
Preloading 0 native plugins for Editor in 0.00 ms.
Unloading 0 Unused Serialized files (Serialized files now loaded: 0)
Unloading 2923 unused Assets / (0.9 MB). Loaded Objects now: 3436.
Memory consumption went from 83.2 MB to 82.3 MB.
Total: 7.166800 ms (FindLiveObjects: 0.973300 ms CreateObjectMapping: 0.727900 ms MarkObjects: 4.528300 ms  DeleteObjects: 0.935800 ms)

========================================================================
Received Prepare
Refreshing native plugins compatible for Editor in 2.09 ms, found 3 plugins.
Preloading 0 native plugins for Editor in 0.00 ms.
Unloading 0 Unused Serialized files (Serialized files now loaded: 0)
Unloading 2912 unused Assets / (0.6 MB). Loaded Objects now: 3436.
Memory consumption went from 82.1 MB to 81.5 MB.
Total: 9.709100 ms (FindLiveObjects: 0.649100 ms CreateObjectMapping: 0.426000 ms MarkObjects: 7.607400 ms  DeleteObjects: 1.024700 ms)

Prepare: number of updated asset objects reloaded= 0
========================================================================
Received Prepare
Refreshing native plugins compatible for Editor in 1.03 ms, found 3 plugins.
Preloading 0 native plugins for Editor in 0.00 ms.
Unloading 0 Unused Serialized files (Serialized files now loaded: 0)
Unloading 2912 unused Assets / (0.8 MB). Loaded Objects now: 3436.
Memory consumption went from 82.1 MB to 81.3 MB.
Total: 5.022400 ms (FindLiveObjects: 0.274800 ms CreateObjectMapping: 0.200200 ms MarkObjects: 3.827400 ms  DeleteObjects: 0.718900 ms)

Prepare: number of updated asset objects reloaded= 0
========================================================================
Received Prepare
Begin MonoManager ReloadAssembly
[Licensing::Client] Successfully resolved entitlement details
[Licensing::Module] License group:
  Id: F4-KFHQ-9642-V2YQ-H5KH-XXXX
  Product: Unity Personal
  Type: ULF
  Expiration: 2025-11-21T04:29:23Z
[Licensing::Module] License group:
  Id: 18968337630885-UnityPersXXXX
  Product: Unity Personal
  Type: Assigned
  Expiration: Unlimited
- Loaded All Assemblies, in  2.538 seconds
Refreshing native plugins compatible for Editor in 1.35 ms, found 3 plugins.
Native extension for Android target not found
Native extension for UWP target not found
Native extension for WindowsStandalone target not found
Native extension for WebGL target not found
[Package Manager] Failed to launch server process. Reason: Unity was launched with the -noUpm command-line argument
[Package Manager] Unable to send message (not connected to server process).
[Package Manager] Cannot connect to Unity Package Manager local server
Mono: successfully reloaded assembly
- Finished resetting the current domain, in  0.500 seconds
Domain Reload Profiling: 3036ms
	BeginReloadAssembly (391ms)
		ExecutionOrderSort (0ms)
		DisableScriptedObjects (15ms)
		BackupInstance (0ms)
		ReleaseScriptingObjects (0ms)
		CreateAndSetChildDomain (37ms)
	RebuildCommonClasses (125ms)
	RebuildNativeTypeToScriptingClass (12ms)
	initialDomainReloadingComplete (30ms)
	LoadAllAssembliesAndSetupDomain (1978ms)
		LoadAssemblies (2173ms)
		RebuildTransferFunctionScriptingTraits (0ms)
		AnalyzeDomain (99ms)
			TypeCache.Refresh (11ms)
				TypeCache.ScanAssembly (0ms)
			BuildScriptInfoCaches (81ms)
			ResolveRequiredComponents (3ms)
	FinalizeReload (500ms)
		ReleaseScriptCaches (0ms)
		RebuildScriptCaches (0ms)
		SetupLoadedEditorAssemblies (382ms)
			LogAssemblyErrors (0ms)
			InitializePlatformSupportModulesInManaged (24ms)
			SetLoadedEditorAssemblies (3ms)
			BeforeProcessingInitializeOnLoad (87ms)
			ProcessInitializeOnLoadAttributes (229ms)
			ProcessInitializeOnLoadMethodAttributes (33ms)
			AfterProcessingInitializeOnLoad (5ms)
			EditorAssembliesLoaded (0ms)
		ExecutionOrderSort2 (0ms)
		AwakeInstancesAfterBackupRestoration (6ms)
Refreshing native plugins compatible for Editor in 1.08 ms, found 3 plugins.
Preloading 0 native plugins for Editor in 0.00 ms.
Unloading 0 Unused Serialized files (Serialized files now loaded: 0)
Unloading 2921 unused Assets / (0.8 MB). Loaded Objects now: 3439.
Memory consumption went from 82.9 MB to 82.2 MB.
Total: 5.455700 ms (FindLiveObjects: 0.391100 ms CreateObjectMapping: 0.207600 ms MarkObjects: 4.141200 ms  DeleteObjects: 0.714900 ms)

Prepare: number of updated asset objects reloaded= 0
========================================================================
Received Prepare
Begin MonoManager ReloadAssembly
- Loaded All Assemblies, in  0.527 seconds
Refreshing native plugins compatible for Editor in 1.79 ms, found 3 plugins.
Native extension for Android target not found
Native extension for UWP target not found
Native extension for WindowsStandalone target not found
Native extension for WebGL target not found
[Package Manager] Failed to launch server process. Reason: Unity was launched with the -noUpm command-line argument
[Package Manager] Unable to send message (not connected to server process).
[Package Manager] Cannot connect to Unity Package Manager local server
Mono: successfully reloaded assembly
- Finished resetting the current domain, in  0.531 seconds
Domain Reload Profiling: 1056ms
	BeginReloadAssembly (180ms)
		ExecutionOrderSort (0ms)
		DisableScriptedObjects (13ms)
		BackupInstance (0ms)
		ReleaseScriptingObjects (0ms)
		CreateAndSetChildDomain (39ms)
	RebuildCommonClasses (33ms)
	RebuildNativeTypeToScriptingClass (12ms)
	initialDomainReloadingComplete (26ms)
	LoadAllAssembliesAndSetupDomain (273ms)
		LoadAssemblies (257ms)
		RebuildTransferFunctionScriptingTraits (0ms)
		AnalyzeDomain (104ms)
			TypeCache.Refresh (6ms)
				TypeCache.ScanAssembly (0ms)
			BuildScriptInfoCaches (91ms)
			ResolveRequiredComponents (3ms)
	FinalizeReload (531ms)
		ReleaseScriptCaches (0ms)
		RebuildScriptCaches (0ms)
		SetupLoadedEditorAssemblies (416ms)
			LogAssemblyErrors (0ms)
			InitializePlatformSupportModulesInManaged (20ms)
			SetLoadedEditorAssemblies (3ms)
			BeforeProcessingInitializeOnLoad (88ms)
			ProcessInitializeOnLoadAttributes (260ms)
			ProcessInitializeOnLoadMethodAttributes (40ms)
			AfterProcessingInitializeOnLoad (5ms)
			EditorAssembliesLoaded (0ms)
		ExecutionOrderSort2 (0ms)
		AwakeInstancesAfterBackupRestoration (8ms)
Refreshing native plugins compatible for Editor in 1.92 ms, found 3 plugins.
Preloading 0 native plugins for Editor in 0.00 ms.
Unloading 0 Unused Serialized files (Serialized files now loaded: 0)
Unloading 2921 unused Assets / (0.8 MB). Loaded Objects now: 3441.
Memory consumption went from 82.9 MB to 82.1 MB.
Total: 6.115300 ms (FindLiveObjects: 0.330200 ms CreateObjectMapping: 0.277900 ms MarkObjects: 4.487900 ms  DeleteObjects: 1.018500 ms)

Prepare: number of updated asset objects reloaded= 0
========================================================================
Received Prepare
Begin MonoManager ReloadAssembly
[Licensing::Client] Successfully resolved entitlement details
[Licensing::Module] License group:
  Id: F4-KFHQ-9642-V2YQ-H5KH-XXXX
  Product: Unity Personal
  Type: ULF
  Expiration: 2025-11-21T04:29:23Z
[Licensing::Module] License group:
  Id: 18968337630885-UnityPersXXXX
  Product: Unity Personal
  Type: Assigned
  Expiration: Unlimited
- Loaded All Assemblies, in  0.535 seconds
Refreshing native plugins compatible for Editor in 1.07 ms, found 3 plugins.
Native extension for Android target not found
Native extension for UWP target not found
Native extension for WindowsStandalone target not found
Native extension for WebGL target not found
[Package Manager] Failed to launch server process. Reason: Unity was launched with the -noUpm command-line argument
[Package Manager] Unable to send message (not connected to server process).
[Package Manager] Cannot connect to Unity Package Manager local server
Mono: successfully reloaded assembly
- Finished resetting the current domain, in  0.516 seconds
Domain Reload Profiling: 1051ms
	BeginReloadAssembly (189ms)
		ExecutionOrderSort (0ms)
		DisableScriptedObjects (14ms)
		BackupInstance (0ms)
		ReleaseScriptingObjects (0ms)
		CreateAndSetChildDomain (44ms)
	RebuildCommonClasses (35ms)
	RebuildNativeTypeToScriptingClass (13ms)
	initialDomainReloadingComplete (29ms)
	LoadAllAssembliesAndSetupDomain (268ms)
		LoadAssemblies (248ms)
		RebuildTransferFunctionScriptingTraits (0ms)
		AnalyzeDomain (107ms)
			TypeCache.Refresh (7ms)
				TypeCache.ScanAssembly (0ms)
			BuildScriptInfoCaches (94ms)
			ResolveRequiredComponents (3ms)
	FinalizeReload (516ms)
		ReleaseScriptCaches (0ms)
		RebuildScriptCaches (0ms)
		SetupLoadedEditorAssemblies (406ms)
			LogAssemblyErrors (0ms)
			InitializePlatformSupportModulesInManaged (21ms)
			SetLoadedEditorAssemblies (3ms)
			BeforeProcessingInitializeOnLoad (86ms)
			ProcessInitializeOnLoadAttributes (249ms)
			ProcessInitializeOnLoadMethodAttributes (40ms)
			AfterProcessingInitializeOnLoad (7ms)
			EditorAssembliesLoaded (0ms)
		ExecutionOrderSort2 (0ms)
		AwakeInstancesAfterBackupRestoration (10ms)
Refreshing native plugins compatible for Editor in 1.23 ms, found 3 plugins.
Preloading 0 native plugins for Editor in 0.00 ms.
Unloading 0 Unused Serialized files (Serialized files now loaded: 0)
Unloading 2921 unused Assets / (0.8 MB). Loaded Objects now: 3443.
Memory consumption went from 82.9 MB to 82.1 MB.
Total: 6.308100 ms (FindLiveObjects: 0.580400 ms CreateObjectMapping: 0.401300 ms MarkObjects: 4.420700 ms  DeleteObjects: 0.904000 ms)

Prepare: number of updated asset objects reloaded= 0
========================================================================
Received Prepare
Begin MonoManager ReloadAssembly
[Licensing::Client] Successfully resolved entitlement details
[Licensing::Module] License group:
  Id: F4-KFHQ-9642-V2YQ-H5KH-XXXX
  Product: Unity Personal
  Type: ULF
  Expiration: 2025-11-21T04:29:23Z
[Licensing::Module] License group:
  Id: 18968337630885-UnityPersXXXX
  Product: Unity Personal
  Type: Assigned
  Expiration: Unlimited
- Loaded All Assemblies, in  0.563 seconds
Refreshing native plugins compatible for Editor in 1.11 ms, found 3 plugins.
Native extension for Android target not found
Native extension for UWP target not found
Native extension for WindowsStandalone target not found
Native extension for WebGL target not found
[Package Manager] Failed to launch server process. Reason: Unity was launched with the -noUpm command-line argument
[Package Manager] Unable to send message (not connected to server process).
[Package Manager] Cannot connect to Unity Package Manager local server
Mono: successfully reloaded assembly
- Finished resetting the current domain, in  0.517 seconds
Domain Reload Profiling: 1078ms
	BeginReloadAssembly (199ms)
		ExecutionOrderSort (0ms)
		DisableScriptedObjects (14ms)
		BackupInstance (0ms)
		ReleaseScriptingObjects (0ms)
		CreateAndSetChildDomain (44ms)
	RebuildCommonClasses (39ms)
	RebuildNativeTypeToScriptingClass (18ms)
	initialDomainReloadingComplete (29ms)
	LoadAllAssembliesAndSetupDomain (276ms)
		LoadAssemblies (267ms)
		RebuildTransferFunctionScriptingTraits (0ms)
		AnalyzeDomain (103ms)
			TypeCache.Refresh (6ms)
				TypeCache.ScanAssembly (0ms)
			BuildScriptInfoCaches (90ms)
			ResolveRequiredComponents (3ms)
	FinalizeReload (518ms)
		ReleaseScriptCaches (0ms)
		RebuildScriptCaches (0ms)
		SetupLoadedEditorAssemblies (407ms)
			LogAssemblyErrors (0ms)
			InitializePlatformSupportModulesInManaged (22ms)
			SetLoadedEditorAssemblies (3ms)
			BeforeProcessingInitializeOnLoad (93ms)
			ProcessInitializeOnLoadAttributes (246ms)
			ProcessInitializeOnLoadMethodAttributes (37ms)
			AfterProcessingInitializeOnLoad (6ms)
			EditorAssembliesLoaded (0ms)
		ExecutionOrderSort2 (0ms)
		AwakeInstancesAfterBackupRestoration (7ms)
Refreshing native plugins compatible for Editor in 1.35 ms, found 3 plugins.
Preloading 0 native plugins for Editor in 0.00 ms.
Unloading 0 Unused Serialized files (Serialized files now loaded: 0)
Unloading 2921 unused Assets / (0.8 MB). Loaded Objects now: 3445.
Memory consumption went from 82.9 MB to 82.1 MB.
Total: 8.332800 ms (FindLiveObjects: 0.586400 ms CreateObjectMapping: 1.978000 ms MarkObjects: 4.827500 ms  DeleteObjects: 0.939300 ms)

Prepare: number of updated asset objects reloaded= 0
========================================================================
Received Prepare
Begin MonoManager ReloadAssembly
[Licensing::Client] Successfully resolved entitlement details
[Licensing::Module] License group:
  Id: F4-KFHQ-9642-V2YQ-H5KH-XXXX
  Product: Unity Personal
  Type: ULF
  Expiration: 2025-11-21T04:29:23Z
[Licensing::Module] License group:
  Id: 18968337630885-UnityPersXXXX
  Product: Unity Personal
  Type: Assigned
  Expiration: Unlimited
- Loaded All Assemblies, in  0.598 seconds
Refreshing native plugins compatible for Editor in 1.74 ms, found 3 plugins.
Native extension for Android target not found
Native extension for UWP target not found
Native extension for WindowsStandalone target not found
Native extension for WebGL target not found
[Package Manager] Failed to launch server process. Reason: Unity was launched with the -noUpm command-line argument
[Package Manager] Unable to send message (not connected to server process).
[Package Manager] Cannot connect to Unity Package Manager local server
Mono: successfully reloaded assembly
- Finished resetting the current domain, in  0.631 seconds
Domain Reload Profiling: 1227ms
	BeginReloadAssembly (207ms)
		ExecutionOrderSort (0ms)
		DisableScriptedObjects (15ms)
		BackupInstance (0ms)
		ReleaseScriptingObjects (0ms)
		CreateAndSetChildDomain (42ms)
	RebuildCommonClasses (40ms)
	RebuildNativeTypeToScriptingClass (14ms)
	initialDomainReloadingComplete (34ms)
	LoadAllAssembliesAndSetupDomain (301ms)
		LoadAssemblies (293ms)
		RebuildTransferFunctionScriptingTraits (0ms)
		AnalyzeDomain (110ms)
			TypeCache.Refresh (6ms)
				TypeCache.ScanAssembly (0ms)
			BuildScriptInfoCaches (96ms)
			ResolveRequiredComponents (3ms)
	FinalizeReload (631ms)
		ReleaseScriptCaches (0ms)
		RebuildScriptCaches (0ms)
		SetupLoadedEditorAssemblies (500ms)
			LogAssemblyErrors (0ms)
			InitializePlatformSupportModulesInManaged (26ms)
			SetLoadedEditorAssemblies (3ms)
			BeforeProcessingInitializeOnLoad (114ms)
			ProcessInitializeOnLoadAttributes (302ms)
			ProcessInitializeOnLoadMethodAttributes (47ms)
			AfterProcessingInitializeOnLoad (8ms)
			EditorAssembliesLoaded (0ms)
		ExecutionOrderSort2 (0ms)
		AwakeInstancesAfterBackupRestoration (10ms)
Refreshing native plugins compatible for Editor in 1.34 ms, found 3 plugins.
Preloading 0 native plugins for Editor in 0.00 ms.
Unloading 0 Unused Serialized files (Serialized files now loaded: 0)
Unloading 2921 unused Assets / (0.7 MB). Loaded Objects now: 3447.
Memory consumption went from 83.0 MB to 82.3 MB.
Total: 6.884000 ms (FindLiveObjects: 0.467300 ms CreateObjectMapping: 0.341700 ms MarkObjects: 5.209900 ms  DeleteObjects: 0.863500 ms)

Prepare: number of updated asset objects reloaded= 0
========================================================================
Received Prepare
Begin MonoManager ReloadAssembly
[Licensing::Client] Successfully resolved entitlement details
[Licensing::Module] License group:
  Id: F4-KFHQ-9642-V2YQ-H5KH-XXXX
  Product: Unity Personal
  Type: ULF
  Expiration: 2025-11-21T04:29:23Z
[Licensing::Module] License group:
  Id: 18968337630885-UnityPersXXXX
  Product: Unity Personal
  Type: Assigned
  Expiration: Unlimited
- Loaded All Assemblies, in  0.569 seconds
Refreshing native plugins compatible for Editor in 1.23 ms, found 3 plugins.
Native extension for Android target not found
Native extension for UWP target not found
Native extension for WindowsStandalone target not found
Native extension for WebGL target not found
[Package Manager] Failed to launch server process. Reason: Unity was launched with the -noUpm command-line argument
[Package Manager] Unable to send message (not connected to server process).
[Package Manager] Cannot connect to Unity Package Manager local server
Mono: successfully reloaded assembly
- Finished resetting the current domain, in  0.533 seconds
Domain Reload Profiling: 1100ms
	BeginReloadAssembly (203ms)
		ExecutionOrderSort (0ms)
		DisableScriptedObjects (18ms)
		BackupInstance (0ms)
		ReleaseScriptingObjects (0ms)
		CreateAndSetChildDomain (43ms)
	RebuildCommonClasses (34ms)
	RebuildNativeTypeToScriptingClass (13ms)
	initialDomainReloadingComplete (30ms)
	LoadAllAssembliesAndSetupDomain (286ms)
		LoadAssemblies (270ms)
		RebuildTransferFunctionScriptingTraits (0ms)
		AnalyzeDomain (111ms)
			TypeCache.Refresh (6ms)
				TypeCache.ScanAssembly (0ms)
			BuildScriptInfoCaches (97ms)
			ResolveRequiredComponents (3ms)
	FinalizeReload (533ms)
		ReleaseScriptCaches (0ms)
		RebuildScriptCaches (0ms)
		SetupLoadedEditorAssemblies (414ms)
			LogAssemblyErrors (0ms)
			InitializePlatformSupportModulesInManaged (21ms)
			SetLoadedEditorAssemblies (3ms)
			BeforeProcessingInitializeOnLoad (97ms)
			ProcessInitializeOnLoadAttributes (249ms)
			ProcessInitializeOnLoadMethodAttributes (39ms)
			AfterProcessingInitializeOnLoad (5ms)
			EditorAssembliesLoaded (0ms)
		ExecutionOrderSort2 (0ms)
		AwakeInstancesAfterBackupRestoration (7ms)
Refreshing native plugins compatible for Editor in 1.31 ms, found 3 plugins.
Preloading 0 native plugins for Editor in 0.00 ms.
Unloading 0 Unused Serialized files (Serialized files now loaded: 0)
Unloading 2921 unused Assets / (0.8 MB). Loaded Objects now: 3449.
Memory consumption went from 83.0 MB to 82.2 MB.
Total: 5.619600 ms (FindLiveObjects: 0.313700 ms CreateObjectMapping: 0.268200 ms MarkObjects: 4.220200 ms  DeleteObjects: 0.816000 ms)

Prepare: number of updated asset objects reloaded= 0
========================================================================
Received Prepare
Begin MonoManager ReloadAssembly
[Licensing::Client] Successfully resolved entitlement details
[Licensing::Module] License group:
  Id: F4-KFHQ-9642-V2YQ-H5KH-XXXX
  Product: Unity Personal
  Type: ULF
  Expiration: 2025-11-21T04:29:23Z
[Licensing::Module] License group:
  Id: 18968337630885-UnityPersXXXX
  Product: Unity Personal
  Type: Assigned
  Expiration: Unlimited
- Loaded All Assemblies, in  0.626 seconds
Refreshing native plugins compatible for Editor in 1.57 ms, found 3 plugins.
Native extension for Android target not found
Native extension for UWP target not found
Native extension for WindowsStandalone target not found
Native extension for WebGL target not found
[Package Manager] Failed to launch server process. Reason: Unity was launched with the -noUpm command-line argument
[Package Manager] Unable to send message (not connected to server process).
[Package Manager] Cannot connect to Unity Package Manager local server
Mono: successfully reloaded assembly
- Finished resetting the current domain, in  0.620 seconds
Domain Reload Profiling: 1245ms
	BeginReloadAssembly (220ms)
		ExecutionOrderSort (0ms)
		DisableScriptedObjects (15ms)
		BackupInstance (0ms)
		ReleaseScriptingObjects (0ms)
		CreateAndSetChildDomain (46ms)
	RebuildCommonClasses (43ms)
	RebuildNativeTypeToScriptingClass (14ms)
	initialDomainReloadingComplete (32ms)
	LoadAllAssembliesAndSetupDomain (314ms)
		LoadAssemblies (299ms)
		RebuildTransferFunctionScriptingTraits (0ms)
		AnalyzeDomain (121ms)
			TypeCache.Refresh (7ms)
				TypeCache.ScanAssembly (0ms)
			BuildScriptInfoCaches (106ms)
			ResolveRequiredComponents (3ms)
	FinalizeReload (621ms)
		ReleaseScriptCaches (0ms)
		RebuildScriptCaches (0ms)
		SetupLoadedEditorAssemblies (498ms)
			LogAssemblyErrors (0ms)
			InitializePlatformSupportModulesInManaged (25ms)
			SetLoadedEditorAssemblies (3ms)
			BeforeProcessingInitializeOnLoad (107ms)
			ProcessInitializeOnLoadAttributes (304ms)
			ProcessInitializeOnLoadMethodAttributes (53ms)
			AfterProcessingInitializeOnLoad (7ms)
			EditorAssembliesLoaded (0ms)
		ExecutionOrderSort2 (0ms)
		AwakeInstancesAfterBackupRestoration (8ms)
Refreshing native plugins compatible for Editor in 1.49 ms, found 3 plugins.
Preloading 0 native plugins for Editor in 0.00 ms.
Unloading 0 Unused Serialized files (Serialized files now loaded: 0)
Unloading 2921 unused Assets / (0.8 MB). Loaded Objects now: 3451.
Memory consumption went from 83.0 MB to 82.2 MB.
Total: 7.445400 ms (FindLiveObjects: 0.407400 ms CreateObjectMapping: 0.422400 ms MarkObjects: 5.603000 ms  DeleteObjects: 1.011400 ms)

Prepare: number of updated asset objects reloaded= 0
========================================================================
Received Prepare
Begin MonoManager ReloadAssembly
[Licensing::Client] Successfully resolved entitlement details
[Licensing::Module] License group:
  Id: F4-KFHQ-9642-V2YQ-H5KH-XXXX
  Product: Unity Personal
  Type: ULF
  Expiration: 2025-11-21T04:29:23Z
[Licensing::Module] License group:
  Id: 18968337630885-UnityPersXXXX
  Product: Unity Personal
  Type: Assigned
  Expiration: Unlimited
- Loaded All Assemblies, in  0.595 seconds
Refreshing native plugins compatible for Editor in 1.24 ms, found 3 plugins.
Native extension for Android target not found
Native extension for UWP target not found
Native extension for WindowsStandalone target not found
Native extension for WebGL target not found
[Package Manager] Failed to launch server process. Reason: Unity was launched with the -noUpm command-line argument
[Package Manager] Unable to send message (not connected to server process).
[Package Manager] Cannot connect to Unity Package Manager local server
Mono: successfully reloaded assembly
- Finished resetting the current domain, in  0.583 seconds
Domain Reload Profiling: 1176ms
	BeginReloadAssembly (206ms)
		ExecutionOrderSort (0ms)
		DisableScriptedObjects (16ms)
		BackupInstance (0ms)
		ReleaseScriptingObjects (0ms)
		CreateAndSetChildDomain (43ms)
	RebuildCommonClasses (41ms)
	RebuildNativeTypeToScriptingClass (14ms)
	initialDomainReloadingComplete (33ms)
	LoadAllAssembliesAndSetupDomain (299ms)
		LoadAssemblies (276ms)
		RebuildTransferFunctionScriptingTraits (0ms)
		AnalyzeDomain (123ms)
			TypeCache.Refresh (6ms)
				TypeCache.ScanAssembly (0ms)
			BuildScriptInfoCaches (109ms)
			ResolveRequiredComponents (3ms)
	FinalizeReload (583ms)
		ReleaseScriptCaches (0ms)
		RebuildScriptCaches (0ms)
		SetupLoadedEditorAssemblies (464ms)
			LogAssemblyErrors (0ms)
			InitializePlatformSupportModulesInManaged (21ms)
			SetLoadedEditorAssemblies (3ms)
			BeforeProcessingInitializeOnLoad (100ms)
			ProcessInitializeOnLoadAttributes (287ms)
			ProcessInitializeOnLoadMethodAttributes (46ms)
			AfterProcessingInitializeOnLoad (6ms)
			EditorAssembliesLoaded (0ms)
		ExecutionOrderSort2 (0ms)
		AwakeInstancesAfterBackupRestoration (9ms)
Refreshing native plugins compatible for Editor in 1.42 ms, found 3 plugins.
Preloading 0 native plugins for Editor in 0.00 ms.
Unloading 0 Unused Serialized files (Serialized files now loaded: 0)
Unloading 2921 unused Assets / (0.8 MB). Loaded Objects now: 3453.
Memory consumption went from 83.0 MB to 82.2 MB.
Total: 6.338800 ms (FindLiveObjects: 0.332200 ms CreateObjectMapping: 0.295700 ms MarkObjects: 4.696100 ms  DeleteObjects: 1.013300 ms)

Prepare: number of updated asset objects reloaded= 0
========================================================================
Received Prepare
Begin MonoManager ReloadAssembly
[Licensing::Client] Successfully resolved entitlement details
[Licensing::Module] License group:
  Id: F4-KFHQ-9642-V2YQ-H5KH-XXXX
  Product: Unity Personal
  Type: ULF
  Expiration: 2025-11-21T04:29:23Z
[Licensing::Module] License group:
  Id: 18968337630885-UnityPersXXXX
  Product: Unity Personal
  Type: Assigned
  Expiration: Unlimited
- Loaded All Assemblies, in  0.571 seconds
Refreshing native plugins compatible for Editor in 1.33 ms, found 3 plugins.
Native extension for Android target not found
Native extension for UWP target not found
Native extension for WindowsStandalone target not found
Native extension for WebGL target not found
[Package Manager] Failed to launch server process. Reason: Unity was launched with the -noUpm command-line argument
[Package Manager] Unable to send message (not connected to server process).
[Package Manager] Cannot connect to Unity Package Manager local server
Mono: successfully reloaded assembly
- Finished resetting the current domain, in  0.561 seconds
Domain Reload Profiling: 1131ms
	BeginReloadAssembly (201ms)
		ExecutionOrderSort (0ms)
		DisableScriptedObjects (14ms)
		BackupInstance (0ms)
		ReleaseScriptingObjects (0ms)
		CreateAndSetChildDomain (43ms)
	RebuildCommonClasses (39ms)
	RebuildNativeTypeToScriptingClass (14ms)
	initialDomainReloadingComplete (28ms)
	LoadAllAssembliesAndSetupDomain (288ms)
		LoadAssemblies (273ms)
		RebuildTransferFunctionScriptingTraits (0ms)
		AnalyzeDomain (111ms)
			TypeCache.Refresh (8ms)
				TypeCache.ScanAssembly (0ms)
			BuildScriptInfoCaches (96ms)
			ResolveRequiredComponents (3ms)
	FinalizeReload (561ms)
		ReleaseScriptCaches (0ms)
		RebuildScriptCaches (0ms)
		SetupLoadedEditorAssemblies (448ms)
			LogAssemblyErrors (0ms)
			InitializePlatformSupportModulesInManaged (22ms)
			SetLoadedEditorAssemblies (3ms)
			BeforeProcessingInitializeOnLoad (102ms)
			ProcessInitializeOnLoadAttributes (273ms)
			ProcessInitializeOnLoadMethodAttributes (42ms)
			AfterProcessingInitializeOnLoad (7ms)
			EditorAssembliesLoaded (0ms)
		ExecutionOrderSort2 (0ms)
		AwakeInstancesAfterBackupRestoration (8ms)
Refreshing native plugins compatible for Editor in 1.35 ms, found 3 plugins.
Preloading 0 native plugins for Editor in 0.00 ms.
Unloading 0 Unused Serialized files (Serialized files now loaded: 0)
Unloading 2921 unused Assets / (0.8 MB). Loaded Objects now: 3455.
Memory consumption went from 83.0 MB to 82.2 MB.
Total: 6.127600 ms (FindLiveObjects: 0.380000 ms CreateObjectMapping: 0.219800 ms MarkObjects: 4.659900 ms  DeleteObjects: 0.866700 ms)

Prepare: number of updated asset objects reloaded= 0
========================================================================
Received Prepare
Begin MonoManager ReloadAssembly
- Loaded All Assemblies, in  0.556 seconds
Refreshing native plugins compatible for Editor in 1.00 ms, found 3 plugins.
Native extension for Android target not found
Native extension for UWP target not found
Native extension for WindowsStandalone target not found
Native extension for WebGL target not found
[Package Manager] Failed to launch server process. Reason: Unity was launched with the -noUpm command-line argument
[Package Manager] Unable to send message (not connected to server process).
[Package Manager] Cannot connect to Unity Package Manager local server
Mono: successfully reloaded assembly
- Finished resetting the current domain, in  0.553 seconds
Domain Reload Profiling: 1108ms
	BeginReloadAssembly (198ms)
		ExecutionOrderSort (0ms)
		DisableScriptedObjects (14ms)
		BackupInstance (0ms)
		ReleaseScriptingObjects (0ms)
		CreateAndSetChildDomain (41ms)
	RebuildCommonClasses (39ms)
	RebuildNativeTypeToScriptingClass (14ms)
	initialDomainReloadingComplete (29ms)
	LoadAllAssembliesAndSetupDomain (274ms)
		LoadAssemblies (268ms)
		RebuildTransferFunctionScriptingTraits (0ms)
		AnalyzeDomain (105ms)
			TypeCache.Refresh (6ms)
				TypeCache.ScanAssembly (0ms)
			BuildScriptInfoCaches (92ms)
			ResolveRequiredComponents (3ms)
	FinalizeReload (554ms)
		ReleaseScriptCaches (0ms)
		RebuildScriptCaches (0ms)
		SetupLoadedEditorAssemblies (437ms)
			LogAssemblyErrors (0ms)
			InitializePlatformSupportModulesInManaged (22ms)
			SetLoadedEditorAssemblies (3ms)
			BeforeProcessingInitializeOnLoad (92ms)
			ProcessInitializeOnLoadAttributes (270ms)
			ProcessInitializeOnLoadMethodAttributes (42ms)
			AfterProcessingInitializeOnLoad (7ms)
			EditorAssembliesLoaded (0ms)
		ExecutionOrderSort2 (0ms)
		AwakeInstancesAfterBackupRestoration (10ms)
Refreshing native plugins compatible for Editor in 1.32 ms, found 3 plugins.
Preloading 0 native plugins for Editor in 0.00 ms.
Unloading 0 Unused Serialized files (Serialized files now loaded: 0)
Unloading 2921 unused Assets / (0.7 MB). Loaded Objects now: 3457.
Memory consumption went from 83.0 MB to 82.3 MB.
Total: 6.887900 ms (FindLiveObjects: 0.381000 ms CreateObjectMapping: 0.265300 ms MarkObjects: 5.360500 ms  DeleteObjects: 0.880100 ms)

Prepare: number of updated asset objects reloaded= 0
========================================================================
Received Import Request.
  Time since last request: 54368.408109 seconds.
  path: Assets/Fonts/Pixeled.ttf
  artifactKey: Guid(8773e9535d59c6b448e3a30071a262c8) Importer(2089858483,192608db42251d675da83286b1cce702)
Start importing Assets/Fonts/Pixeled.ttf using Guid(8773e9535d59c6b448e3a30071a262c8) Importer(2089858483,192608db42251d675da83286b1cce702) (ScriptedImporter) -> (artifact id: 'b52f377b4bb051c4aff6d461631679cc') in 0.1682949 seconds
Number of updated asset objects reloaded before import = 0Number of asset objects unloaded after import = 3

========================================================================
Received Import Request.
  Time since last request: 0.000027 seconds.
  path: Assets/Scripts/Misc/HitFx.cs
  artifactKey: Guid(b0aa809436503754c879ddd41a244259) Importer(2089858483,192608db42251d675da83286b1cce702)
Start importing Assets/Scripts/Misc/HitFx.cs using Guid(b0aa809436503754c879ddd41a244259) Importer(2089858483,192608db42251d675da83286b1cce702) (ScriptedImporter) -> (artifact id: '381d7757f4a7b09957725c52ff0c5459') in 0.0251845 seconds
Number of updated asset objects reloaded before import = 0Number of asset objects unloaded after import = 0

========================================================================
Received Import Request.
  Time since last request: 0.000045 seconds.
  path: Assets/LocalizationStrings/tryagain.asset
  artifactKey: Guid(bb57dafb39f2bec4cb9cc9a5b450f385) Importer(2089858483,192608db42251d675da83286b1cce702)
Start importing Assets/LocalizationStrings/tryagain.asset using Guid(bb57dafb39f2bec4cb9cc9a5b450f385) Importer(2089858483,192608db42251d675da83286b1cce702) (ScriptedImporter) -> (artifact id: '53860aca0c04f7e375220d281c66159a') in 0.029128 seconds
Number of updated asset objects reloaded before import = 0Number of asset objects unloaded after import = 1

========================================================================
Received Import Request.
  Time since last request: 0.000023 seconds.
  path: Assets/Scripts/Player/PlayerSpriteAnim.cs
  artifactKey: Guid(b014501c836c75e4cbe05869d3e03a6a) Importer(2089858483,192608db42251d675da83286b1cce702)
Start importing Assets/Scripts/Player/PlayerSpriteAnim.cs using Guid(b014501c836c75e4cbe05869d3e03a6a) Importer(2089858483,192608db42251d675da83286b1cce702) (ScriptedImporter) -> (artifact id: 'd0a9c76cacf6ee8ad98d491a81cde208') in 0.0168336 seconds
Number of updated asset objects reloaded before import = 0Number of asset objects unloaded after import = 0

========================================================================
Received Import Request.
  Time since last request: 0.000100 seconds.
  path: Assets/Scripts/FreeUi/BarOrange.png
  artifactKey: Guid(04b2b662aad2bae468f496a983e63ab2) Importer(2089858483,192608db42251d675da83286b1cce702)
Start importing Assets/Scripts/FreeUi/BarOrange.png using Guid(04b2b662aad2bae468f496a983e63ab2) Importer(2089858483,192608db42251d675da83286b1cce702) (ScriptedImporter)[Licensing::Client] Successfully resolved entitlement details
[Licensing::Module] License group:
  Id: F4-KFHQ-9642-V2YQ-H5KH-XXXX
  Product: Unity Personal
  Type: ULF
  Expiration: 2025-11-21T06:22:01Z
[Licensing::Module] License group:
  Id: 18968337630885-UnityPersXXXX
  Product: Unity Personal
  Type: Assigned
  Expiration: Unlimited
[Licensing::Client] Successfully resolved entitlement details
[Licensing::Module] License group:
  Id: F4-KFHQ-9642-V2YQ-H5KH-XXXX
  Product: Unity Personal
  Type: ULF
  Expiration: 2025-11-21T06:22:01Z
[Licensing::Module] License group:
  Id: 18968337630885-UnityPersXXXX
  Product: Unity Personal
  Type: Assigned
  Expiration: Unlimited
 -> (artifact id: 'a0e9ce9420e4166551bbff37c01c61c4') in 0.0687065 seconds
Number of updated asset objects reloaded before import = 0Number of asset objects unloaded after import = 9

========================================================================
Received Import Request.
  Time since last request: 0.000028 seconds.
  path: Assets/Scripts/Player/PlayerBackpack.cs
  artifactKey: Guid(e902d1a7ed0eb52408aceac68d6edb0b) Importer(2089858483,192608db42251d675da83286b1cce702)
Start importing Assets/Scripts/Player/PlayerBackpack.cs using Guid(e902d1a7ed0eb52408aceac68d6edb0b) Importer(2089858483,192608db42251d675da83286b1cce702) (ScriptedImporter) -> (artifact id: '55f39b9dd981b57744c0029df24546af') in 0.0149861 seconds
Number of updated asset objects reloaded before import = 0Number of asset objects unloaded after import = 0

========================================================================
Received Import Request.
  Time since last request: 0.000052 seconds.
  path: Assets/Sprites/Art Pass 1/humito.png
  artifactKey: Guid(2b01330392d4cdf4c88844868ae0fbfb) Importer(2089858483,192608db42251d675da83286b1cce702)
Start importing Assets/Sprites/Art Pass 1/humito.png using Guid(2b01330392d4cdf4c88844868ae0fbfb) Importer(2089858483,192608db42251d675da83286b1cce702) (ScriptedImporter) -> (artifact id: '197f0c0466d7e67421ed3ef6ae02649a') in 0.0237392 seconds
Number of updated asset objects reloaded before import = 0Number of asset objects unloaded after import = 3

========================================================================
Received Import Request.
  Time since last request: 0.000019 seconds.
  path: Assets/Sfx/Hit_Hurt46.wav
  artifactKey: Guid(bf40fb3540612bb419dfd2f2919bc180) Importer(2089858483,192608db42251d675da83286b1cce702)
Start importing Assets/Sfx/Hit_Hurt46.wav using Guid(bf40fb3540612bb419dfd2f2919bc180) Importer(2089858483,192608db42251d675da83286b1cce702) (ScriptedImporter) -> (artifact id: 'b9a78dec82bff43559dc3e357b6ee45e') in 0.0340131 seconds
Number of updated asset objects reloaded before import = 0Number of asset objects unloaded after import = 1

========================================================================
Received Import Request.
  Time since last request: 0.000022 seconds.
  path: Assets/Scripts/FreeUi/BarYellow.png
  artifactKey: Guid(f293ac87e074b32478b846b6d4f2167f) Importer(2089858483,192608db42251d675da83286b1cce702)
Start importing Assets/Scripts/FreeUi/BarYellow.png using Guid(f293ac87e074b32478b846b6d4f2167f) Importer(2089858483,192608db42251d675da83286b1cce702) (ScriptedImporter) -> (artifact id: '6a1faa4cacb9cb853853e1224eddbb49') in 0.0264406 seconds
Number of updated asset objects reloaded before import = 0Number of asset objects unloaded after import = 9

========================================================================
Received Import Request.
  Time since last request: 0.000020 seconds.
  path: Assets/Scripts/Bush/BushVisual.cs
  artifactKey: Guid(096bc55583c1f4b47a3a67fa12a35012) Importer(2089858483,192608db42251d675da83286b1cce702)
Start importing Assets/Scripts/Bush/BushVisual.cs using Guid(096bc55583c1f4b47a3a67fa12a35012) Importer(2089858483,192608db42251d675da83286b1cce702) (ScriptedImporter) -> (artifact id: '7e05c762c097a32f82249845e301e202') in 0.0142259 seconds
Number of updated asset objects reloaded before import = 0Number of asset objects unloaded after import = 0

========================================================================
Received Import Request.
  Time since last request: 0.000044 seconds.
  path: Assets/Scripts/Player/PlayerHarvest.cs
  artifactKey: Guid(0400ec1e173d5b742bbf0f7b028faebb) Importer(2089858483,192608db42251d675da83286b1cce702)
Start importing Assets/Scripts/Player/PlayerHarvest.cs using Guid(0400ec1e173d5b742bbf0f7b028faebb) Importer(2089858483,192608db42251d675da83286b1cce702) (ScriptedImporter) -> (artifact id: 'ac6c96879c73ab09f29418eef06ca732') in 0.0125683 seconds
Number of updated asset objects reloaded before import = 0Number of asset objects unloaded after import = 0

========================================================================
Received Import Request.
  Time since last request: 0.000053 seconds.
  path: Assets/Scripts/UI/BackpackUI.cs
  artifactKey: Guid(44598fb022ff2144e9fbb259b401329e) Importer(2089858483,192608db42251d675da83286b1cce702)
Start importing Assets/Scripts/UI/BackpackUI.cs using Guid(44598fb022ff2144e9fbb259b401329e) Importer(2089858483,192608db42251d675da83286b1cce702) (ScriptedImporter) -> (artifact id: 'a52feb73dc1a959f1b390dd29f7e4c7a') in 0.0129418 seconds
Number of updated asset objects reloaded before import = 0Number of asset objects unloaded after import = 0

========================================================================
Received Import Request.
  Time since last request: 0.000045 seconds.
  path: Assets/Sprites/Art Pass 1/fruit.png
  artifactKey: Guid(d09c4b386fcd752458f89bf40c48c569) Importer(2089858483,192608db42251d675da83286b1cce702)
Start importing Assets/Sprites/Art Pass 1/fruit.png using Guid(d09c4b386fcd752458f89bf40c48c569) Importer(2089858483,192608db42251d675da83286b1cce702) (ScriptedImporter) -> (artifact id: 'e1f7545e519079289ef003b813423ce7') in 0.0332665 seconds
Number of updated asset objects reloaded before import = 0Number of asset objects unloaded after import = 3

========================================================================
Received Import Request.
  Time since last request: 0.000019 seconds.
  path: Assets/LocalizationStrings/artifactHealth.asset
  artifactKey: Guid(b9c87d789f3ab5f4c915057fb7feb407) Importer(2089858483,192608db42251d675da83286b1cce702)
Start importing Assets/LocalizationStrings/artifactHealth.asset using Guid(b9c87d789f3ab5f4c915057fb7feb407) Importer(2089858483,192608db42251d675da83286b1cce702) (ScriptedImporter) -> (artifact id: '5620cd3bc18bf3a8c5a767d82ff65ff8') in 0.0135277 seconds
Number of updated asset objects reloaded before import = 0Number of asset objects unloaded after import = 1

========================================================================
Received Import Request.
  Time since last request: 0.000020 seconds.
  path: Assets/Scripts/UI/WolfHealthUI.cs
  artifactKey: Guid(258e85acbb639434185eccd286395b53) Importer(2089858483,192608db42251d675da83286b1cce702)
Start importing Assets/Scripts/UI/WolfHealthUI.cs using Guid(258e85acbb639434185eccd286395b53) Importer(2089858483,192608db42251d675da83286b1cce702) (ScriptedImporter) -> (artifact id: '634a171d12ddcd7196058815e4c44ad2') in 0.012841 seconds
Number of updated asset objects reloaded before import = 0Number of asset objects unloaded after import = 0

========================================================================
Received Import Request.
  Time since last request: 0.000043 seconds.
  path: Assets/Tiles/tile2P2.asset
  artifactKey: Guid(38aa90561d6b88740961e8d5d331d31b) Importer(2089858483,192608db42251d675da83286b1cce702)
Start importing Assets/Tiles/tile2P2.asset using Guid(38aa90561d6b88740961e8d5d331d31b) Importer(2089858483,192608db42251d675da83286b1cce702) (ScriptedImporter) -> (artifact id: 'e2f13d8ef87181d26f4282a23a6b8585') in 0.0238667 seconds
Number of updated asset objects reloaded before import = 0Number of asset objects unloaded after import = 2

========================================================================
Received Import Request.
  Time since last request: 0.000021 seconds.
  path: Assets/Sprites/ArtPass 2/bush1dryP2.png
  artifactKey: Guid(b5a7ea66a63050e47bbcba1c84994f53) Importer(2089858483,192608db42251d675da83286b1cce702)
Start importing Assets/Sprites/ArtPass 2/bush1dryP2.png using Guid(b5a7ea66a63050e47bbcba1c84994f53) Importer(2089858483,192608db42251d675da83286b1cce702) (ScriptedImporter) -> (artifact id: '6fb2d643252a1ebce857258512e0744f') in 0.0214073 seconds
Number of updated asset objects reloaded before import = 0Number of asset objects unloaded after import = 3

========================================================================
Received Import Request.
  Time since last request: 0.000027 seconds.
  path: Assets/Sprites/ArtPass 2/bush1P2.png
  artifactKey: Guid(8493037421bf9784e8a0b8d1e1ea2110) Importer(2089858483,192608db42251d675da83286b1cce702)
Start importing Assets/Sprites/ArtPass 2/bush1P2.png using Guid(8493037421bf9784e8a0b8d1e1ea2110) Importer(2089858483,192608db42251d675da83286b1cce702) (ScriptedImporter) -> (artifact id: '2d4dfee1afdd0cbd98a8a602781e73c3') in 0.0211607 seconds
Number of updated asset objects reloaded before import = 0Number of asset objects unloaded after import = 3

========================================================================
Received Import Request.
  Time since last request: 0.000018 seconds.
  path: Assets/Sprites/ArtPass 2/bushdryP2.png
  artifactKey: Guid(81db0a11d015cc042b383a534851b250) Importer(2089858483,192608db42251d675da83286b1cce702)
Start importing Assets/Sprites/ArtPass 2/bushdryP2.png using Guid(81db0a11d015cc042b383a534851b250) Importer(2089858483,192608db42251d675da83286b1cce702) (ScriptedImporter) -> (artifact id: '56f532df1c5a84ab6e67bb7e62efb95c') in 0.0234323 seconds
Number of updated asset objects reloaded before import = 0Number of asset objects unloaded after import = 3

========================================================================
Received Import Request.
  Time since last request: 0.000060 seconds.
  path: Assets/Sprites/ArtPass 2/slash0P2.png
  artifactKey: Guid(4dec8feeb0a51fe49aaa894a1965a29a) Importer(2089858483,192608db42251d675da83286b1cce702)
Start importing Assets/Sprites/ArtPass 2/slash0P2.png using Guid(4dec8feeb0a51fe49aaa894a1965a29a) Importer(2089858483,192608db42251d675da83286b1cce702) (ScriptedImporter) -> (artifact id: '053222589fa07286f19df949a961e4b7') in 0.0219816 seconds
Number of updated asset objects reloaded before import = 0Number of asset objects unloaded after import = 3

========================================================================
Received Import Request.
  Time since last request: 0.000020 seconds.
  path: Assets/WebGLTemplates/Kong Preloader/thumbnail.png
  artifactKey: Guid(d43716d28c19dac4eaa9ea822efe0a94) Importer(2089858483,192608db42251d675da83286b1cce702)
Start importing Assets/WebGLTemplates/Kong Preloader/thumbnail.png using Guid(d43716d28c19dac4eaa9ea822efe0a94) Importer(2089858483,192608db42251d675da83286b1cce702) (ScriptedImporter) -> (artifact id: '82e2994395cf58fefa0b55969485779c') in 0.0139276 seconds
Number of updated asset objects reloaded before import = 0Number of asset objects unloaded after import = 1

========================================================================
Received Import Request.
  Time since last request: 0.000025 seconds.
  path: Assets/Scripts/Player/PlayerMovement.cs
  artifactKey: Guid(a9ae34f67baa154478745ac5ee8547ab) Importer(2089858483,192608db42251d675da83286b1cce702)
Start importing Assets/Scripts/Player/PlayerMovement.cs using Guid(a9ae34f67baa154478745ac5ee8547ab) Importer(2089858483,192608db42251d675da83286b1cce702) (ScriptedImporter) -> (artifact id: '57ff40347c3bd648266a48d081446a01') in 0.0105053 seconds
Number of updated asset objects reloaded before import = 0Number of asset objects unloaded after import = 0

========================================================================
Received Import Request.
  Time since last request: 0.000090 seconds.
  path: Assets/Sprites/Art Pass 1/bushVar.png
  artifactKey: Guid(67caf3659e4a44641a8290635d80deac) Importer(2089858483,192608db42251d675da83286b1cce702)
Start importing Assets/Sprites/Art Pass 1/bushVar.png using Guid(67caf3659e4a44641a8290635d80deac) Importer(2089858483,192608db42251d675da83286b1cce702) (ScriptedImporter) -> (artifact id: '39f3b14e7a34f7288a6f4c256eec8dc4') in 0.0346702 seconds
Number of updated asset objects reloaded before import = 0Number of asset objects unloaded after import = 3

========================================================================
Received Import Request.
  Time since last request: 0.000016 seconds.
  path: Assets/Scripts/Localization/Localization.cs
  artifactKey: Guid(801094e5150de104ca2414111a52cea9) Importer(2089858483,192608db42251d675da83286b1cce702)
Start importing Assets/Scripts/Localization/Localization.cs using Guid(801094e5150de104ca2414111a52cea9) Importer(2089858483,192608db42251d675da83286b1cce702) (ScriptedImporter) -> (artifact id: 'e6210bdf9d0d5c5487eb7f9eed3db9a5') in 0.0155081 seconds
Number of updated asset objects reloaded before import = 0Number of asset objects unloaded after import = 0

========================================================================
Received Import Request.
  Time since last request: 0.000092 seconds.
  path: Assets/Scripts/UI/VersionDisplay.cs
  artifactKey: Guid(b0cf9f3c33b50e9409c06e9da175c8f0) Importer(2089858483,192608db42251d675da83286b1cce702)
Start importing Assets/Scripts/UI/VersionDisplay.cs using Guid(b0cf9f3c33b50e9409c06e9da175c8f0) Importer(2089858483,192608db42251d675da83286b1cce702) (ScriptedImporter) -> (artifact id: 'a9fb735bf581bb69d6be7bb030a643b2') in 0.0134082 seconds
Number of updated asset objects reloaded before import = 0Number of asset objects unloaded after import = 0

========================================================================
Received Import Request.
  Time since last request: 0.000029 seconds.
  path: Assets/Prefabs/wolfEater.prefab
  artifactKey: Guid(d97a5a300028d1b43b7206f677adf17d) Importer(2089858483,192608db42251d675da83286b1cce702)
Start importing Assets/Prefabs/wolfEater.prefab using Guid(d97a5a300028d1b43b7206f677adf17d) Importer(2089858483,192608db42251d675da83286b1cce702) (ScriptedImporter) -> (artifact id: '0e46d4c279226a0f0c77243ab31aedce') in 0.0714325 seconds
Number of updated asset objects reloaded before import = 0Number of asset objects unloaded after import = 27

========================================================================
Received Import Request.
  Time since last request: 0.000020 seconds.
  path: Assets/Sprites/ArtPass 2/fruit0P2.png
  artifactKey: Guid(e8e4135bfdb53d74d8630bf50c2fcef5) Importer(2089858483,192608db42251d675da83286b1cce702)
Start importing Assets/Sprites/ArtPass 2/fruit0P2.png using Guid(e8e4135bfdb53d74d8630bf50c2fcef5) Importer(2089858483,192608db42251d675da83286b1cce702) (ScriptedImporter) -> (artifact id: '51369ee6a142cbde1f0d2211b241ff58') in 0.0243776 seconds
Number of updated asset objects reloaded before import = 0Number of asset objects unloaded after import = 3

========================================================================
Received Import Request.
  Time since last request: 0.000021 seconds.
  path: Assets/Sfx/16end.wav
  artifactKey: Guid(47f37cdb4f4f1d54da0979cb5a855e1a) Importer(2089858483,192608db42251d675da83286b1cce702)
Start importing Assets/Sfx/16end.wav using Guid(47f37cdb4f4f1d54da0979cb5a855e1a) Importer(2089858483,192608db42251d675da83286b1cce702) (ScriptedImporter) -> (artifact id: '219d36032b6a12103915e144dfe88341') in 0.2826034 seconds
Number of updated asset objects reloaded before import = 0Number of asset objects unloaded after import = 1

========================================================================
Received Import Request.
  Time since last request: 0.000019 seconds.
  path: Assets/Sprites/Polygon.png
  artifactKey: Guid(f93faa3c008439040bf6653eec9b3dda) Importer(2089858483,192608db42251d675da83286b1cce702)
Start importing Assets/Sprites/Polygon.png using Guid(f93faa3c008439040bf6653eec9b3dda) Importer(2089858483,192608db42251d675da83286b1cce702) (ScriptedImporter) -> (artifact id: '628ed2047de246fc102f99830f12f78c') in 0.0227866 seconds
Number of updated asset objects reloaded before import = 0Number of asset objects unloaded after import = 3

========================================================================
Received Import Request.
  Time since last request: 0.000036 seconds.
  path: Assets/Sprites/ArtPass 2/charP2.png
  artifactKey: Guid(3245a6694aa805e4dbe1d4f051f2880a) Importer(2089858483,192608db42251d675da83286b1cce702)
Start importing Assets/Sprites/ArtPass 2/charP2.png using Guid(3245a6694aa805e4dbe1d4f051f2880a) Importer(2089858483,192608db42251d675da83286b1cce702) (ScriptedImporter) -> (artifact id: '72d679c3380c16e43bb089187cc6e2a7') in 0.0275654 seconds
Number of updated asset objects reloaded before import = 0Number of asset objects unloaded after import = 3

========================================================================
Received Import Request.
  Time since last request: 0.000020 seconds.
  path: Assets/WebGLTemplates/Kong Preloader/index.html
  artifactKey: Guid(d79d2e98ce8a5e5489b74fb1b2f4cfc6) Importer(2089858483,192608db42251d675da83286b1cce702)
Start importing Assets/WebGLTemplates/Kong Preloader/index.html using Guid(d79d2e98ce8a5e5489b74fb1b2f4cfc6) Importer(2089858483,192608db42251d675da83286b1cce702) (ScriptedImporter) -> (artifact id: '726aeb201bbc04529e055002671f75e4') in 0.0161337 seconds
Number of updated asset objects reloaded before import = 0Number of asset objects unloaded after import = 1

========================================================================
Received Import Request.
  Time since last request: 0.000025 seconds.
  path: Assets/Scripts/Enemy/EnemySpawner.cs
  artifactKey: Guid(b7b476906a5086d4face44012b3c41cd) Importer(2089858483,192608db42251d675da83286b1cce702)
Start importing Assets/Scripts/Enemy/EnemySpawner.cs using Guid(b7b476906a5086d4face44012b3c41cd) Importer(2089858483,192608db42251d675da83286b1cce702) (ScriptedImporter) -> (artifact id: '8fb7ad5c78ca9429282d30afef8d2cb5') in 0.0148269 seconds
Number of updated asset objects reloaded before import = 0Number of asset objects unloaded after import = 0

========================================================================
Received Import Request.
  Time since last request: 0.000061 seconds.
  path: Assets/Scripts/Localization/LocStrLoader.cs
  artifactKey: Guid(80901dfb3f4f60041a41bcfe90b4bf17) Importer(2089858483,192608db42251d675da83286b1cce702)
Start importing Assets/Scripts/Localization/LocStrLoader.cs using Guid(80901dfb3f4f60041a41bcfe90b4bf17) Importer(2089858483,192608db42251d675da83286b1cce702) (ScriptedImporter) -> (artifact id: 'dd0e23c25f70b611c243f443b7d195ab') in 0.0179037 seconds
Number of updated asset objects reloaded before import = 0Number of asset objects unloaded after import = 0

========================================================================
Received Import Request.
  Time since last request: 0.000054 seconds.
  path: Assets/Scripts/UI/ArtifactHealthUI.cs
  artifactKey: Guid(6d851923fbf76d447a054b2df09d87d3) Importer(2089858483,192608db42251d675da83286b1cce702)
Start importing Assets/Scripts/UI/ArtifactHealthUI.cs using Guid(6d851923fbf76d447a054b2df09d87d3) Importer(2089858483,192608db42251d675da83286b1cce702) (ScriptedImporter) -> (artifact id: '0158a655bf3a49962ee0687946efa51b') in 0.0160207 seconds
Number of updated asset objects reloaded before import = 0Number of asset objects unloaded after import = 0

========================================================================
Received Import Request.
  Time since last request: 0.000055 seconds.
  path: Assets/LocalizationStrings/bushesInfo.asset
  artifactKey: Guid(4c518cf44101a7044bd13cff61b3390f) Importer(2089858483,192608db42251d675da83286b1cce702)
Start importing Assets/LocalizationStrings/bushesInfo.asset using Guid(4c518cf44101a7044bd13cff61b3390f) Importer(2089858483,192608db42251d675da83286b1cce702) (ScriptedImporter) -> (artifact id: '154c0ff208f58c25d9eaf0606c402d0b') in 0.0144982 seconds
Number of updated asset objects reloaded before import = 0Number of asset objects unloaded after import = 1

========================================================================
Received Import Request.
  Time since last request: 0.000032 seconds.
  path: Assets/LocalizationStrings/congrats.asset
  artifactKey: Guid(4b4a01029627c9147a02d8ee11ae2362) Importer(2089858483,192608db42251d675da83286b1cce702)
Start importing Assets/LocalizationStrings/congrats.asset using Guid(4b4a01029627c9147a02d8ee11ae2362) Importer(2089858483,192608db42251d675da83286b1cce702) (ScriptedImporter) -> (artifact id: 'a78f1739edaa4faf33761151ce5f6edf') in 0.01394 seconds
Number of updated asset objects reloaded before import = 0Number of asset objects unloaded after import = 1

========================================================================
Received Import Request.
  Time since last request: 0.000084 seconds.
  path: Assets/Sprites/ArtPass 2/wolfP3.png
  artifactKey: Guid(757afd53b9a1a334bbdc1be4a715d44e) Importer(2089858483,192608db42251d675da83286b1cce702)
Start importing Assets/Sprites/ArtPass 2/wolfP3.png using Guid(757afd53b9a1a334bbdc1be4a715d44e) Importer(2089858483,192608db42251d675da83286b1cce702) (ScriptedImporter) -> (artifact id: '40d56ff2d7dae062393d261586606ea8') in 0.0206264 seconds
Number of updated asset objects reloaded before import = 0Number of asset objects unloaded after import = 3

========================================================================
Received Import Request.
  Time since last request: 0.000017 seconds.
  path: Assets/Sprites/Art Pass 1/bushVar2.png
  artifactKey: Guid(7f7ec53d51764aa42ade25f84c8c0add) Importer(2089858483,192608db42251d675da83286b1cce702)
Start importing Assets/Sprites/Art Pass 1/bushVar2.png using Guid(7f7ec53d51764aa42ade25f84c8c0add) Importer(2089858483,192608db42251d675da83286b1cce702) (ScriptedImporter) -> (artifact id: 'dd3bcaf565c7adcdd2d496ca44055dd8') in 0.0322965 seconds
Number of updated asset objects reloaded before import = 0Number of asset objects unloaded after import = 3

========================================================================
Received Import Request.
  Time since last request: 0.000031 seconds.
  path: Assets/Sprites/ArtPass 2/wolfEaterWalkP2.png
  artifactKey: Guid(4c9fc0e8821b3b345a7b663b7713834b) Importer(2089858483,192608db42251d675da83286b1cce702)
Start importing Assets/Sprites/ArtPass 2/wolfEaterWalkP2.png using Guid(4c9fc0e8821b3b345a7b663b7713834b) Importer(2089858483,192608db42251d675da83286b1cce702) (ScriptedImporter) -> (artifact id: '60cb809397b6463d1c2632c94afc5732') in 0.0312428 seconds
Number of updated asset objects reloaded before import = 0Number of asset objects unloaded after import = 3

========================================================================
Received Import Request.
  Time since last request: 0.000022 seconds.
  path: Assets/Sprites/ArtPass 2/fruit2P2.png
  artifactKey: Guid(1bbea70228f6be0418ccb2226d58c319) Importer(2089858483,192608db42251d675da83286b1cce702)
Start importing Assets/Sprites/ArtPass 2/fruit2P2.png using Guid(1bbea70228f6be0418ccb2226d58c319) Importer(2089858483,192608db42251d675da83286b1cce702) (ScriptedImporter) -> (artifact id: '0be72fdeaa406b2e35eaab3881820e4a') in 0.0250002 seconds
Number of updated asset objects reloaded before import = 0Number of asset objects unloaded after import = 3

========================================================================
Received Import Request.
  Time since last request: 0.000036 seconds.
  path: Assets/LocalizationStrings/remainingTime.asset
  artifactKey: Guid(852acaf32385a0b42b85b1726bbd9bd7) Importer(2089858483,192608db42251d675da83286b1cce702)
Start importing Assets/LocalizationStrings/remainingTime.asset using Guid(852acaf32385a0b42b85b1726bbd9bd7) Importer(2089858483,192608db42251d675da83286b1cce702) (ScriptedImporter) -> (artifact id: '4d0e60feaa3526e9459211de857d5a0f') in 0.0184019 seconds
Number of updated asset objects reloaded before import = 0Number of asset objects unloaded after import = 1

========================================================================
Received Import Request.
  Time since last request: 0.000028 seconds.
  path: Assets/Scripts/Enemy/EnemyAI.cs
  artifactKey: Guid(1f18aba9a524f9b45b0d4a30521959b4) Importer(2089858483,192608db42251d675da83286b1cce702)
Start importing Assets/Scripts/Enemy/EnemyAI.cs using Guid(1f18aba9a524f9b45b0d4a30521959b4) Importer(2089858483,192608db42251d675da83286b1cce702) (ScriptedImporter) -> (artifact id: '02d31483b7f60f6e6b4ac8c1e786055d') in 0.0169061 seconds
Number of updated asset objects reloaded before import = 0Number of asset objects unloaded after import = 0

========================================================================
Received Import Request.
  Time since last request: 0.000101 seconds.
  path: Assets/LocalizationStrings/about.asset
  artifactKey: Guid(a5220b863c89fa9459190d4e16c9f595) Importer(2089858483,192608db42251d675da83286b1cce702)
Start importing Assets/LocalizationStrings/about.asset using Guid(a5220b863c89fa9459190d4e16c9f595) Importer(2089858483,192608db42251d675da83286b1cce702) (ScriptedImporter) -> (artifact id: 'e03f9befcd1c428e670be2c8c776dc1c') in 0.016217 seconds
Number of updated asset objects reloaded before import = 0Number of asset objects unloaded after import = 1

========================================================================
Received Import Request.
  Time since last request: 0.000165 seconds.
  path: Assets/Scripts/FreeUi/ClassicalButtons.png
  artifactKey: Guid(c8d2b571e1a178c41a07915730fdafe7) Importer(2089858483,192608db42251d675da83286b1cce702)
Start importing Assets/Scripts/FreeUi/ClassicalButtons.png using Guid(c8d2b571e1a178c41a07915730fdafe7) Importer(2089858483,192608db42251d675da83286b1cce702) (ScriptedImporter) -> (artifact id: '6d2c9693e8eb147bcd079d0251ce8ba7') in 0.0379545 seconds
Number of updated asset objects reloaded before import = 0Number of asset objects unloaded after import = 14

========================================================================
Received Import Request.
  Time since last request: 0.000017 seconds.
  path: Assets/Sprites/ArtPass 2/fruit1P2.png
  artifactKey: Guid(695bd11414e079c4181fa4c4d4b81fb3) Importer(2089858483,192608db42251d675da83286b1cce702)
Start importing Assets/Sprites/ArtPass 2/fruit1P2.png using Guid(695bd11414e079c4181fa4c4d4b81fb3) Importer(2089858483,192608db42251d675da83286b1cce702) (ScriptedImporter) -> (artifact id: '9f70c65c7b1fdeb39111970bfd11f0de') in 0.0265265 seconds
Number of updated asset objects reloaded before import = 0Number of asset objects unloaded after import = 3

========================================================================
Received Import Request.
  Time since last request: 0.000023 seconds.
  path: Assets/LocalizationStrings/harvesting.asset
  artifactKey: Guid(eff9d16d228ca7644a2f1aed3a2ac869) Importer(2089858483,192608db42251d675da83286b1cce702)
Start importing Assets/LocalizationStrings/harvesting.asset using Guid(eff9d16d228ca7644a2f1aed3a2ac869) Importer(2089858483,192608db42251d675da83286b1cce702) (ScriptedImporter) -> (artifact id: 'f88fa719aeeb0234fd7f9b72818651d7') in 0.0136912 seconds
Number of updated asset objects reloaded before import = 0Number of asset objects unloaded after import = 1

========================================================================
Received Import Request.
  Time since last request: 0.000027 seconds.
  path: Assets/Sprites/ArtPass 2/tile2P2.png
  artifactKey: Guid(5619865846241414fa522e371e4a31c2) Importer(2089858483,192608db42251d675da83286b1cce702)
Start importing Assets/Sprites/ArtPass 2/tile2P2.png using Guid(5619865846241414fa522e371e4a31c2) Importer(2089858483,192608db42251d675da83286b1cce702) (ScriptedImporter) -> (artifact id: '17831dba187e904bb8690cbe92c3866e') in 0.020066 seconds
Number of updated asset objects reloaded before import = 0Number of asset objects unloaded after import = 3

========================================================================
Received Import Request.
  Time since last request: 0.000024 seconds.
  path: Assets/Scripts/Misc/ChildSortingInvoker.cs
  artifactKey: Guid(1fe8f117a2626c04facaf9182441bc51) Importer(2089858483,192608db42251d675da83286b1cce702)
Start importing Assets/Scripts/Misc/ChildSortingInvoker.cs using Guid(1fe8f117a2626c04facaf9182441bc51) Importer(2089858483,192608db42251d675da83286b1cce702) (ScriptedImporter) -> (artifact id: 'bec272618291cefe3965f9a07a853b0a') in 0.0140421 seconds
Number of updated asset objects reloaded before import = 0Number of asset objects unloaded after import = 0

========================================================================
Received Import Request.
  Time since last request: 0.000057 seconds.
  path: Assets/Scripts/FreeUi/Version4.png
  artifactKey: Guid(2b0d40f274b04a2448e82081366fdf1b) Importer(2089858483,192608db42251d675da83286b1cce702)
Start importing Assets/Scripts/FreeUi/Version4.png using Guid(2b0d40f274b04a2448e82081366fdf1b) Importer(2089858483,192608db42251d675da83286b1cce702) (ScriptedImporter) -> (artifact id: '1eb2ab71a30d2f8f8f48c353eea271d8') in 0.0209296 seconds
Number of updated asset objects reloaded before import = 0Number of asset objects unloaded after import = 4

========================================================================
Received Import Request.
  Time since last request: 0.000020 seconds.
  path: Assets/Scripts/FreeUi/BarGreen.png
  artifactKey: Guid(a0544863f208f774794065912f548dd0) Importer(2089858483,192608db42251d675da83286b1cce702)
Start importing Assets/Scripts/FreeUi/BarGreen.png using Guid(a0544863f208f774794065912f548dd0) Importer(2089858483,192608db42251d675da83286b1cce702) (ScriptedImporter) -> (artifact id: 'ed9e574f7ee3a0dce94120072f4867e8') in 0.0268143 seconds
Number of updated asset objects reloaded before import = 0Number of asset objects unloaded after import = 9

========================================================================
Received Import Request.
  Time since last request: 0.000020 seconds.
  path: Assets/Scenes/lose.unity
  artifactKey: Guid(f808959f8f859f44da7675d639eecf1e) Importer(2089858483,192608db42251d675da83286b1cce702)
Start importing Assets/Scenes/lose.unity using Guid(f808959f8f859f44da7675d639eecf1e) Importer(2089858483,192608db42251d675da83286b1cce702) (ScriptedImporter) -> (artifact id: 'e93b08afe878f8a6bf05ebb438fa9f1d') in 0.014531 seconds
Number of updated asset objects reloaded before import = 0Number of asset objects unloaded after import = 1

========================================================================
Received Import Request.
  Time since last request: 0.000022 seconds.
  path: Assets/Scripts/Localization/LocalizationUI.cs
  artifactKey: Guid(a60eac754557f5f44a68e8b01b7fa7b3) Importer(2089858483,192608db42251d675da83286b1cce702)
Start importing Assets/Scripts/Localization/LocalizationUI.cs using Guid(a60eac754557f5f44a68e8b01b7fa7b3) Importer(2089858483,192608db42251d675da83286b1cce702) (ScriptedImporter) -> (artifact id: '170522206d99e4bedb763a2c55dd27b5') in 0.0143783 seconds
Number of updated asset objects reloaded before import = 0Number of asset objects unloaded after import = 0

========================================================================
Received Import Request.
  Time since last request: 0.000062 seconds.
  path: Assets/Tiles/Ground.prefab
  artifactKey: Guid(51a1ddb0c6368054ba5c1e42588fcca0) Importer(2089858483,192608db42251d675da83286b1cce702)
Start importing Assets/Tiles/Ground.prefab using Guid(51a1ddb0c6368054ba5c1e42588fcca0) Importer(2089858483,192608db42251d675da83286b1cce702) (ScriptedImporter) -> (artifact id: '58f51631d5b4e5750e1c6d1b4a97f663') in 0.0459013 seconds
Number of updated asset objects reloaded before import = 0Number of asset objects unloaded after import = 10

========================================================================
Received Import Request.
  Time since last request: 0.000016 seconds.
  path: Assets/Scripts/Misc/SceneManager.cs
  artifactKey: Guid(de64331f6b928b94a9afc625422826e2) Importer(2089858483,192608db42251d675da83286b1cce702)
Start importing Assets/Scripts/Misc/SceneManager.cs using Guid(de64331f6b928b94a9afc625422826e2) Importer(2089858483,192608db42251d675da83286b1cce702) (ScriptedImporter) -> (artifact id: 'ba67ee58881eb2cacfbce7ac40167750') in 0.0113372 seconds
Number of updated asset objects reloaded before import = 0Number of asset objects unloaded after import = 0

========================================================================
Received Import Request.
  Time since last request: 0.000040 seconds.
  path: Assets/Scripts/Bush/BushFruits.cs
  artifactKey: Guid(7b3659ecdc4dc57468eae50858a5a6d1) Importer(2089858483,192608db42251d675da83286b1cce702)
Start importing Assets/Scripts/Bush/BushFruits.cs using Guid(7b3659ecdc4dc57468eae50858a5a6d1) Importer(2089858483,192608db42251d675da83286b1cce702) (ScriptedImporter) -> (artifact id: 'ddef6a5895349ed777aa203648873e0d') in 0.015681 seconds
Number of updated asset objects reloaded before import = 0Number of asset objects unloaded after import = 0

========================================================================
Received Import Request.
  Time since last request: 0.000056 seconds.
  path: Assets/Scripts/FreeUi/Example.gif
  artifactKey: Guid(79869ce2e5de1f2448c081612d9ef050) Importer(2089858483,192608db42251d675da83286b1cce702)
Start importing Assets/Scripts/FreeUi/Example.gif using Guid(79869ce2e5de1f2448c081612d9ef050) Importer(2089858483,192608db42251d675da83286b1cce702) (ScriptedImporter) -> (artifact id: '2b6db9caa7657d97812ef1c2c8df0a0b') in 0.0276176 seconds
Number of updated asset objects reloaded before import = 0Number of asset objects unloaded after import = 6

========================================================================
Received Import Request.
  Time since last request: 0.000017 seconds.
  path: Assets/Sprites/ArtPass 2/bushP2.png
  artifactKey: Guid(bccf5691ef79a944598ec9ad5f0c60e1) Importer(2089858483,192608db42251d675da83286b1cce702)
Start importing Assets/Sprites/ArtPass 2/bushP2.png using Guid(bccf5691ef79a944598ec9ad5f0c60e1) Importer(2089858483,192608db42251d675da83286b1cce702) (ScriptedImporter) -> (artifact id: '41376c38698d931cedfa78f0e1851839') in 0.0201344 seconds
Number of updated asset objects reloaded before import = 0Number of asset objects unloaded after import = 3

========================================================================
Received Import Request.
  Time since last request: 0.000020 seconds.
  path: Assets/Sfx/Hit_Hurt82.wav
  artifactKey: Guid(10a8b79de3baaa04b932c4ee53e92e09) Importer(2089858483,192608db42251d675da83286b1cce702)
Start importing Assets/Sfx/Hit_Hurt82.wav using Guid(10a8b79de3baaa04b932c4ee53e92e09) Importer(2089858483,192608db42251d675da83286b1cce702) (ScriptedImporter) -> (artifact id: '592944489c6e9e406fcd7dbc70e880f1') in 0.0230195 seconds
Number of updated asset objects reloaded before import = 0Number of asset objects unloaded after import = 1

========================================================================
Received Import Request.
  Time since last request: 0.000018 seconds.
  path: Assets/LocalizationStrings/ArtifactInfo.asset
  artifactKey: Guid(c253ab45209e22b47a1f5333480be325) Importer(2089858483,192608db42251d675da83286b1cce702)
Start importing Assets/LocalizationStrings/ArtifactInfo.asset using Guid(c253ab45209e22b47a1f5333480be325) Importer(2089858483,192608db42251d675da83286b1cce702) (ScriptedImporter) -> (artifact id: '61d2d51ffc0d46e686f71e0d50016cf5') in 0.0536564 seconds
Number of updated asset objects reloaded before import = 0Number of asset objects unloaded after import = 1

========================================================================
Received Import Request.
  Time since last request: 0.000017 seconds.
  path: Assets/Scenes/howToPlay.unity
  artifactKey: Guid(e44bc8050f3b72c4dabec26e884577b6) Importer(2089858483,192608db42251d675da83286b1cce702)
Start importing Assets/Scenes/howToPlay.unity using Guid(e44bc8050f3b72c4dabec26e884577b6) Importer(2089858483,192608db42251d675da83286b1cce702) (ScriptedImporter) -> (artifact id: '6e94685c3d524af5318195ff5bde848c') in 0.0134309 seconds
Number of updated asset objects reloaded before import = 0Number of asset objects unloaded after import = 1

========================================================================
Received Import Request.
  Time since last request: 0.000028 seconds.
  path: Assets/Prefabs/wolf.prefab
  artifactKey: Guid(b6e19e068e958204283aad9b6e75008a) Importer(2089858483,192608db42251d675da83286b1cce702)
Start importing Assets/Prefabs/wolf.prefab using Guid(b6e19e068e958204283aad9b6e75008a) Importer(2089858483,192608db42251d675da83286b1cce702) (ScriptedImporter) -> (artifact id: '3dffbfdc5df3d945dc56b18addc65c02') in 0.0360917 seconds
Number of updated asset objects reloaded before import = 0Number of asset objects unloaded after import = 27

Editor requested this worker to shutdown with reason: Scaling down because of idle timeout
AssetImportWorker is now disconnected from the server
Process exiting
Exiting without the bug reporter. Application will terminate with return code 0